0 verbose cli C:\Program Files\nodejs\node.exe C:\Program Files\nodejs\node_modules\npm\bin\npm-cli.js
1 info using npm@10.9.2
2 info using node@v22.17.0
3 silly config load:file:C:\Program Files\nodejs\node_modules\npm\npmrc
4 silly config load:file:C:\Users\Arafat Hossain\OneDrive\Desktop\Admin_Dashboard\backend\.npmrc
5 silly config load:file:C:\Users\Arafat Hossain\.npmrc
6 silly config load:file:C:\Users\Arafat Hossain\AppData\Roaming\npm\etc\npmrc
7 verbose title npm install
8 verbose argv "install"
9 verbose logfile logs-max:10 dir:C:\Users\Arafat Hossain\OneDrive\Desktop\Admin_Dashboard\backend\.npm-cache\_logs\2026-03-11T08_05_43_265Z-
10 verbose logfile C:\Users\Arafat Hossain\OneDrive\Desktop\Admin_Dashboard\backend\.npm-cache\_logs\2026-03-11T08_05_43_265Z-debug-0.log
11 silly logfile done cleaning log files
12 silly packumentCache heap:4345298944 maxSize:1086324736 maxEntrySize:543162368
13 silly idealTree buildDeps
14 silly fetch manifest puppeteer@^23.8.1
15 silly packumentCache full:https://registry.npmjs.org/puppeteer cache-miss
16 verbose shrinkwrap failed to load node_modules/.package-lock.json out of date, updated: node_modules/@swc
17 http fetch GET https://registry.npmjs.org/npm attempt 1 failed with EACCES
18 http fetch GET https://registry.npmjs.org/puppeteer attempt 1 failed with EACCES
19 http fetch GET https://registry.npmjs.org/npm attempt 2 failed with EACCES
20 http fetch GET https://registry.npmjs.org/puppeteer attempt 2 failed with EACCES
21 http fetch GET https://registry.npmjs.org/npm attempt 3 failed with EACCES
22 http fetch GET https://registry.npmjs.org/puppeteer attempt 3 failed with EACCES
23 silly placeDep ROOT puppeteer@ OK for: admin-dashboard-backend@1.0.0 want: ^23.8.1
24 verbose type system
25 verbose stack FetchError: request to https://registry.npmjs.org/puppeteer failed, reason: 
25 verbose stack     at ClientRequest.<anonymous> (C:\Program Files\nodejs\node_modules\npm\node_modules\minipass-fetch\lib\index.js:130:14)
25 verbose stack     at ClientRequest.emit (node:events:518:28)
25 verbose stack     at emitErrorEvent (node:_http_client:104:11)
25 verbose stack     at _destroy (node:_http_client:898:9)
25 verbose stack     at onSocketNT (node:_http_client:918:5)
25 verbose stack     at process.processTicksAndRejections (node:internal/process/task_queues:91:21)
26 error code EACCES
27 error errno EACCES
28 error FetchError: request to https://registry.npmjs.org/puppeteer failed, reason: 
28 error     at ClientRequest.<anonymous> (C:\Program Files\nodejs\node_modules\npm\node_modules\minipass-fetch\lib\index.js:130:14)
28 error     at ClientRequest.emit (node:events:518:28)
28 error     at emitErrorEvent (node:_http_client:104:11)
28 error     at _destroy (node:_http_client:898:9)
28 error     at onSocketNT (node:_http_client:918:5)
28 error     at process.processTicksAndRejections (node:internal/process/task_queues:91:21) {
28 error   code: 'EACCES',
28 error   errno: 'EACCES',
28 error   type: 'system',
28 error   requiredBy: '.'
28 error }
29 error
29 error The operation was rejected by your operating system.
29 error It's possible that the file was already in use (by a text editor or antivirus),
29 error or that you lack permissions to access it.
29 error
29 error If you believe this might be a permissions issue, please double-check the
29 error permissions of the file and its containing directories, or try running
29 error the command again as root/Administrator.
30 silly unfinished npm timer reify 1773216344234
31 silly unfinished npm timer reify:loadTrees 1773216344235
32 verbose cwd C:\Users\Arafat Hossain\OneDrive\Desktop\Admin_Dashboard\backend
33 verbose os Windows_NT 10.0.26200
34 verbose node v22.17.0
35 verbose npm  v10.9.2
36 verbose exit 1
37 verbose code 1
38 error A complete log of this run can be found in: C:\Users\Arafat Hossain\OneDrive\Desktop\Admin_Dashboard\backend\.npm-cache\_logs\2026-03-11T08_05_43_265Z-debug-0.log
